Build started 6/5/2017 1:57:39 PM.
     1>Project "C:\Users\Dan\Documents\Visual Studio 2010\Projects\Tutor\Tutor\Tutor.vcxproj" on node 2 (build target(s)).
     1>InitializeBuildStatus:
         Creating "Debug\Tutor.unsuccessfulbuild" because "AlwaysCreate" was specified.
       ClCompile:
         C:\Program Files (x86)\Microsoft Visual Studio 10.0\VC\bin\CL.exe /c /ZI /nologo /W3 /WX- /Od /Oy- /D _MBCS /Gm /EHsc /RTC1 /MDd /GS /fp:precise /Zc:wchar_t /Zc:forScope /Fo"Debug\\" /Fd"Debug\vc100.pdb" /Gd /TP /analyze- /errorReport:prompt Autosave.cpp
         Autosave.cpp
       Link:
         C:\Program Files (x86)\Microsoft Visual Studio 10.0\VC\bin\link.exe /ERRORREPORT:PROMPT /OUT:"C:\Users\Dan\Documents\Visual Studio 2010\Projects\Tutor\Debug\Tutor.exe" /NOLOGO kernel32.lib user32.lib gdi32.lib winspool.lib comdlg32.lib advapi32.lib shell32.lib ole32.lib oleaut32.lib uuid.lib odbc32.lib odbccp32.lib /MANIFEST /ManifestFile:"Debug\Tutor.exe.intermediate.manifest" /MANIFESTUAC:"level='asInvoker' uiAccess='false'" /DEBUG /PDB:"C:\Users\Dan\Documents\Visual Studio 2010\Projects\Tutor\Debug\Tutor.pdb" /TLBID:1 /DYNAMICBASE /NXCOMPAT /IMPLIB:"C:\Users\Dan\Documents\Visual Studio 2010\Projects\Tutor\Debug\Tutor.lib" /MACHINE:X86 Debug\BoardModel.obj
         Debug\CellModel.obj
         Debug\Coord.obj
         Debug\GameModel.obj
         Debug\InterfaceControl.obj
         Debug\KingPieceModel.obj
         Debug\Main.obj
         Debug\PieceModel.obj
         Debug\PlayerModel.obj
         Debug\Autosave.obj
         Debug\StandardPieceModel.obj
         LINK : C:\Users\Dan\Documents\Visual Studio 2010\Projects\Tutor\Debug\Tutor.exe not found or not built by the last incremental link; performing full link
         Tutor.vcxproj -> C:\Users\Dan\Documents\Visual Studio 2010\Projects\Tutor\Debug\Tutor.exe
       Manifest:
         C:\Program Files (x86)\Microsoft SDKs\Windows\v7.0A\bin\mt.exe /nologo /verbose /outputresource:"C:\Users\Dan\Documents\Visual Studio 2010\Projects\Tutor\Debug\Tutor.exe;#1" /manifest Debug\Tutor.exe.intermediate.manifest
       FinalizeBuildStatus:
         Deleting file "Debug\Tutor.unsuccessfulbuild".
         Touching "Debug\Tutor.lastbuildstate".
     1>Done Building Project "C:\Users\Dan\Documents\Visual Studio 2010\Projects\Tutor\Tutor\Tutor.vcxproj" (build target(s)).

Build succeeded.

Time Elapsed 00:00:01.09
